{"message":"connected to database mongodb+srv://ZeroXVisuals-api:FhuDTMeVcemvkGPr@preva-zeroxvisuals.lpvqs.mongodb.net/zeroxvisuals-api?retryWrites=true&w=majority - [09/Apr/2021:14:18:38]","level":"info"}
{"message":"server zeroxvisuals-api 1.0.0 running on port 8080 - [09/Apr/2021:14:18:38]","level":"info"}
{"message":"409 - user with e-mail prueba@gmail.com already exists - /api/user - POST - ::1 - [09/Apr/2021:14:18:50]","level":"warn"}
{"message":"::1 - - [09/Apr/2021:14:18:50 +0000] \"POST /api/user HTTP/1.1\" 409 60 \"-\" \"PostmanRuntime/7.26.10\"\n","level":"info"}
{"message":"409 - user with e-mail prueba@gmail.com already exists - /api/user - POST - ::1 - [09/Apr/2021:14:19:51]","level":"warn"}
{"message":"::1 - - [09/Apr/2021:14:19:51 +0000] \"POST /api/user HTTP/1.1\" 409 60 \"-\" \"PostmanRuntime/7.26.10\"\n","level":"info"}
{"message":"::1 - - [09/Apr/2021:14:20:21 +0000] \"POST /api/user HTTP/1.1\" 201 - \"-\" \"PostmanRuntime/7.26.10\"\n","level":"info"}
{"message":"disconnected database - [09/Apr/2021:14:21:51]","level":"info"}
{"message":"server zeroxvisuals-api 1.0.0 stopped - [09/Apr/2021:14:21:51]","level":"info"}
{"message":"connected to database mongodb+srv://ZeroXVisuals-api:FhuDTMeVcemvkGPr@preva-zeroxvisuals.lpvqs.mongodb.net/zeroxvisuals-api?retryWrites=true&w=majority - [12/Apr/2021:18:42:35]","level":"info"}
{"message":"server zeroxvisuals-api 1.0.0 running on port 8080 - [12/Apr/2021:18:42:35]","level":"info"}
{"message":"disconnected database - [12/Apr/2021:18:43:03]","level":"info"}
{"message":"server zeroxvisuals-api 1.0.0 stopped - [12/Apr/2021:18:43:03]","level":"info"}
{"message":"connected to database mongodb+srv://ZeroXVisuals-api:FhuDTMeVcemvkGPr@preva-zeroxvisuals.lpvqs.mongodb.net/zeroxvisuals-api?retryWrites=true&w=majority - [12/Apr/2021:18:46:07]","level":"info"}
{"message":"server zeroxvisuals-api 1.0.0 running on port 8080 - [12/Apr/2021:18:46:07]","level":"info"}
{"message":"disconnected database - [12/Apr/2021:18:51:09]","level":"info"}
{"message":"server zeroxvisuals-api 1.0.0 stopped - [12/Apr/2021:18:51:09]","level":"info"}
{"message":"connected to database mongodb+srv://ZeroXVisuals-api:FhuDTMeVcemvkGPr@preva-zeroxvisuals.lpvqs.mongodb.net/zeroxvisuals-api?retryWrites=true&w=majority - [12/Apr/2021:18:51:16]","level":"info"}
{"message":"server zeroxvisuals-api 1.0.0 running on port 8080 - [12/Apr/2021:18:51:16]","level":"info"}
{"message":"disconnected database - [12/Apr/2021:18:51:52]","level":"info"}
{"message":"server zeroxvisuals-api 1.0.0 stopped - [12/Apr/2021:18:51:52]","level":"info"}
{"message":"connected to database mongodb+srv://ZeroXVisuals-api:FhuDTMeVcemvkGPr@preva-zeroxvisuals.lpvqs.mongodb.net/zeroxvisuals-api?retryWrites=true&w=majority - [12/Apr/2021:18:52:55]","level":"info"}
{"message":"server zeroxvisuals-api 1.0.0 running on port 8080 - [12/Apr/2021:18:52:55]","level":"info"}
{"message":"disconnected database - [12/Apr/2021:18:52:58]","level":"info"}
{"message":"server zeroxvisuals-api 1.0.0 stopped - [12/Apr/2021:18:52:58]","level":"info"}
{"message":"connected to database mongodb+srv://ZeroXVisuals-api:FhuDTMeVcemvkGPr@preva-zeroxvisuals.lpvqs.mongodb.net/zeroxvisuals-api?retryWrites=true&w=majority - [12/Apr/2021:19:00:25]","level":"info"}
{"message":"server zeroxvisuals-api 1.0.0 running on port 8080 - [12/Apr/2021:19:00:26]","level":"info"}
{"message":"disconnected database - [12/Apr/2021:19:01:26]","level":"info"}
{"message":"server zeroxvisuals-api 1.0.0 stopped - [12/Apr/2021:19:01:26]","level":"info"}
{"message":"\u001b[32mconnected to database mongodb+srv://ZeroXVisuals-api:FhuDTMeVcemvkGPr@preva-zeroxvisuals.lpvqs.mongodb.net/zeroxvisuals-api?retryWrites=true&w=majority - [12/Apr/2021:19:01:31]\u001b[39m","level":"info"}
{"message":"server zeroxvisuals-api 1.0.0 running on port 8080 - [12/Apr/2021:19:01:31]","level":"info"}
{"message":"disconnected database - [12/Apr/2021:19:02:34]","level":"info"}
{"message":"server zeroxvisuals-api 1.0.0 stopped - [12/Apr/2021:19:02:34]","level":"info"}
{"message":"connected to database mongodb+srv://ZeroXVisuals-api:FhuDTMeVcemvkGPr@preva-zeroxvisuals.lpvqs.mongodb.net/zeroxvisuals-api?retryWrites=true&w=majority - [12/Apr/2021:19:02:39]","level":"info"}
{"message":"server zeroxvisuals-api 1.0.0 running on port 8080 - [12/Apr/2021:19:02:39]","level":"info"}
{"message":"disconnected database - [12/Apr/2021:19:04:04]","level":"info"}
{"message":"server zeroxvisuals-api 1.0.0 stopped - [12/Apr/2021:19:04:04]","level":"info"}
{"message":"connected to database mongodb+srv://ZeroXVisuals-api:FhuDTMeVcemvkGPr@preva-zeroxvisuals.lpvqs.mongodb.net/zeroxvisuals-api?retryWrites=true&w=majority - [12/Apr/2021:19:04:10]","level":"info"}
{"message":"server zeroxvisuals-api 1.0.0 running on port 8080 - [12/Apr/2021:19:04:10]","level":"info"}
{"message":"disconnected database - [12/Apr/2021:19:04:15]","level":"info"}
{"message":"server zeroxvisuals-api 1.0.0 stopped - [12/Apr/2021:19:04:15]","level":"info"}
{"message":"connected to database mongodb+srv://ZeroXVisuals-api:FhuDTMeVcemvkGPr@preva-zeroxvisuals.lpvqs.mongodb.net/zeroxvisuals-api?retryWrites=true&w=majority - [12/Apr/2021:19:09:53]","level":"info"}
{"message":"server zeroxvisuals-api 1.0.0 running on port 8080 - [12/Apr/2021:19:09:53]","level":"info"}
{"message":"Error handle - 409 - user with e-mail asdf@gmail.com already exists - /api/user - POST - ::1 - [12/Apr/2021:19:10:20]","level":"warn"}
{"message":"::1 - - [12/Apr/2021:19:10:20 +0000] \"POST /api/user HTTP/1.1\" 409 58 \"-\" \"PostmanRuntime/7.26.10\"\n","level":"info"}
{"message":"disconnected database - [12/Apr/2021:19:11:14]","level":"info"}
{"message":"server zeroxvisuals-api 1.0.0 stopped - [12/Apr/2021:19:11:14]","level":"info"}
